[handleMsg]:  {
  key: {
    remoteJid: '573238686639@s.whatsapp.net',
    fromMe: false,
    id: '3A8D38BEED8B66CD8CBB',
    participant: undefined
  },
  messageTimestamp: 1732582434,
  pushName: 'Estefa ฅ⁠^⁠•⁠ﻌ⁠•⁠^⁠ฅ',
  broadcast: false,
  message: Message {
    extendedTextMessage: ExtendedTextMessage {
      text: 'En serio',
      contextInfo: [ContextInfo]
    },
    messageContextInfo: MessageContextInfo {
      deviceListMetadata: [DeviceListMetadata],
      deviceListMetadataVersion: 2,
      messageSecret: [Uint8Array]
    }
  },
  body: 'En serio',
  from: '573238686639'
}
[QUEUE_SE_ENVIO]:  {
  ref: 'ans_b409abdb-7003-4591-b587-4958569ef323',
  keyword: 'key_fdff25d5-ee5d-495a-bbe6-580d7535c5a6',
  answer: '🙌 Hola bienvenido mi nombre es Ana y por hoy sere la asistente de el Sr.Aldo',
  options: {
    media: null,
    buttons: [],
    capture: false,
    child: null,
    delay: 0,
    idle: null,
    ref: null,
    nested: [],
    keyword: {},
    callback: false
  },
  refSerialize: '2b957e225880226be8ef3697715baffc'
}
[QUEUE_SE_ENVIO]:  {
  ref: 'ans_c2180eb4-463a-4660-9ca5-d8643ad137b8',
  keyword: 'ans_b409abdb-7003-4591-b587-4958569ef323',
  answer: 'Como tipo de conversacion querias tener con Aldo el dia de hoy?\n' +
    '👉 *cita* para agendar una cita con el Sr.Aldo algun dia de la semana\n' +
    '👉 *proyect*  para ver la lista de los proyectos que tiene activos\n' +
    '👉 *discord* unirte al discord y obten más información',
  options: {
    media: null,
    buttons: [],
    capture: false,
    child: null,
    delay: 0,
    idle: null,
    ref: null,
    nested: [],
    keyword: {},
    callback: false
  },
  refSerialize: '79b917be3f88f43f8fb1dba4a904a188'
}
[handleMsg]:  {
  key: {
    remoteJid: '573238686639@s.whatsapp.net',
    fromMe: false,
    id: '3A6374D1FB0AAADEAC58',
    participant: undefined
  },
  messageTimestamp: 1732582436,
  pushName: 'Estefa ฅ⁠^⁠•⁠ﻌ⁠•⁠^⁠ฅ',
  broadcast: false,
  message: Message {
    extendedTextMessage: ExtendedTextMessage { text: '?', contextInfo: [ContextInfo] },
    messageContextInfo: MessageContextInfo {
      deviceListMetadata: [DeviceListMetadata],
      deviceListMetadataVersion: 2,
      messageSecret: [Uint8Array]
    }
  },
  body: '?',
  from: '573238686639'
}
[QUEUE_SE_ENVIO]:  {
  ref: 'ans_b409abdb-7003-4591-b587-4958569ef323',
  keyword: 'key_fdff25d5-ee5d-495a-bbe6-580d7535c5a6',
  answer: '🙌 Hola bienvenido mi nombre es Ana y por hoy sere la asistente de el Sr.Aldo',
  options: {
    media: null,
    buttons: [],
    capture: false,
    child: null,
    delay: 0,
    idle: null,
    ref: null,
    nested: [],
    keyword: {},
    callback: false
  },
  refSerialize: '2b957e225880226be8ef3697715baffc'
}
[QUEUE_SE_ENVIO]:  {
  ref: 'ans_c2180eb4-463a-4660-9ca5-d8643ad137b8',
  keyword: 'ans_b409abdb-7003-4591-b587-4958569ef323',
  answer: 'Como tipo de conversacion querias tener con Aldo el dia de hoy?\n' +
    '👉 *cita* para agendar una cita con el Sr.Aldo algun dia de la semana\n' +
    '👉 *proyect*  para ver la lista de los proyectos que tiene activos\n' +
    '👉 *discord* unirte al discord y obten más información',
  options: {
    media: null,
    buttons: [],
    capture: false,
    child: null,
    delay: 0,
    idle: null,
    ref: null,
    nested: [],
    keyword: {},
    callback: false
  },
  refSerialize: '79b917be3f88f43f8fb1dba4a904a188'
}
[handleMsg]:  {
  key: {
    remoteJid: '573238686639@s.whatsapp.net',
    fromMe: false,
    id: '3A1CED6F2246F2BF0D96',
    participant: undefined
  },
  messageTimestamp: 1732582460,
  pushName: 'Estefa ฅ⁠^⁠•⁠ﻌ⁠•⁠^⁠ฅ',
  broadcast: false,
  message: Message {
    extendedTextMessage: ExtendedTextMessage {
      text: 'Por qué Ana? JAJJAAJJAJAJAJ',
      contextInfo: [ContextInfo]
    },
    messageContextInfo: MessageContextInfo {
      deviceListMetadata: [DeviceListMetadata],
      deviceListMetadataVersion: 2,
      messageSecret: [Uint8Array]
    }
  },
  body: 'Por qué Ana? JAJJAAJJAJAJAJ',
  from: '573238686639'
}
[QUEUE_SE_ENVIO]:  {
  ref: 'ans_b409abdb-7003-4591-b587-4958569ef323',
  keyword: 'key_fdff25d5-ee5d-495a-bbe6-580d7535c5a6',
  answer: '🙌 Hola bienvenido mi nombre es Ana y por hoy sere la asistente de el Sr.Aldo',
  options: {
    media: null,
    buttons: [],
    capture: false,
    child: null,
    delay: 0,
    idle: null,
    ref: null,
    nested: [],
    keyword: {},
    callback: false
  },
  refSerialize: '2b957e225880226be8ef3697715baffc'
}
[QUEUE_SE_ENVIO]:  {
  ref: 'ans_c2180eb4-463a-4660-9ca5-d8643ad137b8',
  keyword: 'ans_b409abdb-7003-4591-b587-4958569ef323',
  answer: 'Como tipo de conversacion querias tener con Aldo el dia de hoy?\n' +
    '👉 *cita* para agendar una cita con el Sr.Aldo algun dia de la semana\n' +
    '👉 *proyect*  para ver la lista de los proyectos que tiene activos\n' +
    '👉 *discord* unirte al discord y obten más información',
  options: {
    media: null,
    buttons: [],
    capture: false,
    child: null,
    delay: 0,
    idle: null,
    ref: null,
    nested: [],
    keyword: {},
    callback: false
  },
  refSerialize: '79b917be3f88f43f8fb1dba4a904a188'
}
[handleMsg]:  {
  key: {
    remoteJid: '573238686639@s.whatsapp.net',
    fromMe: false,
    id: '3AA394A9B13165E2EF9C',
    participant: undefined
  },
  messageTimestamp: 1732582512,
  pushName: 'Estefa ฅ⁠^⁠•⁠ﻌ⁠•⁠^⁠ฅ',
  broadcast: false,
  message: Message {
    extendedTextMessage: ExtendedTextMessage { text: 'Proyect', contextInfo: [ContextInfo] },
    messageContextInfo: MessageContextInfo {
      deviceListMetadata: [DeviceListMetadata],
      deviceListMetadataVersion: 2,
      messageSecret: [Uint8Array]
    }
  },
  body: 'Proyect',
  from: '573238686639'
}
[QUEUE_SE_ENVIO]:  {
  ref: 'ans_b409abdb-7003-4591-b587-4958569ef323',
  keyword: 'key_fdff25d5-ee5d-495a-bbe6-580d7535c5a6',
  answer: '🙌 Hola bienvenido mi nombre es Ana y por hoy sere la asistente de el Sr.Aldo',
  options: {
    media: null,
    buttons: [],
    capture: false,
    child: null,
    delay: 0,
    idle: null,
    ref: null,
    nested: [],
    keyword: {},
    callback: false
  },
  refSerialize: '2b957e225880226be8ef3697715baffc'
}
[QUEUE_SE_ENVIO]:  {
  ref: 'ans_c2180eb4-463a-4660-9ca5-d8643ad137b8',
  keyword: 'ans_b409abdb-7003-4591-b587-4958569ef323',
  answer: 'Como tipo de conversacion querias tener con Aldo el dia de hoy?\n' +
    '👉 *cita* para agendar una cita con el Sr.Aldo algun dia de la semana\n' +
    '👉 *proyect*  para ver la lista de los proyectos que tiene activos\n' +
    '👉 *discord* unirte al discord y obten más información',
  options: {
    media: null,
    buttons: [],
    capture: false,
    child: null,
    delay: 0,
    idle: null,
    ref: null,
    nested: [],
    keyword: {},
    callback: false
  },
  refSerialize: '79b917be3f88f43f8fb1dba4a904a188'
}
