5213315759943:ENCOLADO ans_ccee5c7a-e650-4b0b-9eb7-a91fa386e5bb
EJECUTANDO:ans_ccee5c7a-e650-4b0b-9eb7-a91fa386e5bb
5213315759943:SUCCESS
5213315759943:ENCOLADO ans_8261ebef-28a2-4da9-acdb-15172542d0bf
EJECUTANDO:ans_8261ebef-28a2-4da9-acdb-15172542d0bf
5213315759943:SUCCESS
5213315759943:ENCOLADO ans_f9473407-394f-4191-bcad-7753f4b69927
EJECUTANDO:ans_f9473407-394f-4191-bcad-7753f4b69927
5213315759943:SUCCESS
5213315759943:ENCOLADO ans_88a90e86-e4d5-44ad-adcd-15c758b01d80
EJECUTANDO:ans_88a90e86-e4d5-44ad-adcd-15c758b01d80
5213315759943:SUCCESS
5213315759943:ENCOLADO ans_ccee5c7a-e650-4b0b-9eb7-a91fa386e5bb
EJECUTANDO:ans_ccee5c7a-e650-4b0b-9eb7-a91fa386e5bb
5213315759943:SUCCESS
5213315759943:ENCOLADO ans_8261ebef-28a2-4da9-acdb-15172542d0bf
EJECUTANDO:ans_8261ebef-28a2-4da9-acdb-15172542d0bf
5213315759943:SUCCESS
5213315759943:ENCOLADO ans_e4d456d3-dd84-4689-b25c-7aef8d7786d0
EJECUTANDO:ans_e4d456d3-dd84-4689-b25c-7aef8d7786d0
5213315759943:SUCCESS
